Copyright 1986-2015 Xilinx, Inc. All Rights Reserved.
----------------------------------------------------------------------------------------
| Tool Version     : Vivado v.2015.4 (win64) Build 1412921 Wed Nov 18 09:43:45 MST 2015
| Date             : Thu Jul 13 16:23:44 2017
| Host             : MS-20160829GDVC running 64-bit Service Pack 1  (build 7601)
| Command          : 
| Design           : ESP8266_ClientConfig
| Device           : xc7a35tcpg236-1
| Design State     : routed
| Grade            : commercial
| Process          : typical
| Characterization : Production
----------------------------------------------------------------------------------------

Power Report

Table of Contents
-----------------
1. Summary
1.1 On-Chip Components
1.2 Power Supply Summary
1.3 Confidence Level
2. Settings
2.1 Environment
2.2 Clock Constraints
3. Detailed Reports
3.1 By Hierarchy

1. Summary
----------

+--------------------------+--------+
| Total On-Chip Power (W)  | 0.086  |
| Dynamic (W)              | 0.015  |
| Device Static (W)        | 0.072  |
| Effective TJA (C/W)      | 5.0    |
| Max Ambient (C)          | 84.6   |
| Junction Temperature (C) | 25.4   |
| Confidence Level         | Medium |
| Setting File             | ---    |
| Simulation Activity File | ---    |
| Design Nets Matched      | NA     |
+--------------------------+--------+


1.1 On-Chip Components
----------------------

+--------------------------+-----------+----------+-----------+-----------------+
| On-Chip                  | Power (W) | Used     | Available | Utilization (%) |
+--------------------------+-----------+----------+-----------+-----------------+
| Clocks                   |     0.008 |        5 |       --- |             --- |
| Slice Logic              |     0.002 |     3362 |       --- |             --- |
|   LUT as Logic           |     0.002 |     1002 |     20800 |            4.82 |
|   Register               |    <0.001 |     1708 |     41600 |            4.11 |
|   CARRY4                 |    <0.001 |       43 |      8150 |            0.53 |
|   LUT as Distributed RAM |    <0.001 |       24 |      9600 |            0.25 |
|   LUT as Shift Register  |    <0.001 |       98 |      9600 |            1.02 |
|   F7/F8 Muxes            |    <0.001 |        9 |     32600 |            0.03 |
|   Others                 |     0.000 |      221 |       --- |             --- |
| Signals                  |     0.003 |     2376 |       --- |             --- |
| Block RAM                |     0.002 |        3 |        50 |            6.00 |
| I/O                      |    <0.001 |        4 |       106 |            3.77 |
| Static Power             |     0.072 |          |           |                 |
| Total                    |     0.086 |          |           |                 |
+--------------------------+-----------+----------+-----------+-----------------+


1.2 Power Supply Summary
------------------------

+-----------+-------------+-----------+-------------+------------+
| Source    | Voltage (V) | Total (A) | Dynamic (A) | Static (A) |
+-----------+-------------+-----------+-------------+------------+
| Vccint    |       1.000 |     0.024 |       0.014 |      0.010 |
| Vccaux    |       1.800 |     0.013 |       0.000 |      0.013 |
| Vcco33    |       3.300 |     0.001 |       0.000 |      0.001 |
| Vcco25    |       2.500 |     0.000 |       0.000 |      0.000 |
| Vcco18    |       1.800 |     0.000 |       0.000 |      0.000 |
| Vcco15    |       1.500 |     0.000 |       0.000 |      0.000 |
| Vcco135   |       1.350 |     0.000 |       0.000 |      0.000 |
| Vcco12    |       1.200 |     0.000 |       0.000 |      0.000 |
| Vccaux_io |       1.800 |     0.000 |       0.000 |      0.000 |
| Vccbram   |       1.000 |     0.000 |       0.000 |      0.000 |
| MGTAVcc   |       1.000 |     0.000 |       0.000 |      0.000 |
| MGTAVtt   |       1.200 |     0.000 |       0.000 |      0.000 |
| Vccadc    |       1.800 |     0.020 |       0.000 |      0.020 |
+-----------+-------------+-----------+-------------+------------+


1.3 Confidence Level
--------------------

+-----------------------------+------------+-------------------------------------------------------+------------------------------------------------------------------------------------------------------------+
| User Input Data             | Confidence | Details                                               | Action                                                                                                     |
+-----------------------------+------------+-------------------------------------------------------+------------------------------------------------------------------------------------------------------------+
| Design implementation state | High       | Design is routed                                      |                                                                                                            |
| Clock nodes activity        | High       | User specified more than 95% of clocks                |                                                                                                            |
| I/O nodes activity          | Medium     | More than 5% of inputs are missing user specification | Provide missing input activity with simulation results or by editing the "By Resource Type -> I/Os" view   |
| Internal nodes activity     | Medium     | User specified less than 25% of internal nodes        | Provide missing internal nodes activity with simulation results or by editing the "By Resource Type" views |
| Device models               | High       | Device models are Production                          |                                                                                                            |
|                             |            |                                                       |                                                                                                            |
| Overall confidence level    | Medium     |                                                       |                                                                                                            |
+-----------------------------+------------+-------------------------------------------------------+------------------------------------------------------------------------------------------------------------+


2. Settings
-----------

2.1 Environment
---------------

+-----------------------+--------------------------+
| Ambient Temp (C)      | 25.0                     |
| ThetaJA (C/W)         | 5.0                      |
| Airflow (LFM)         | 250                      |
| Heat Sink             | medium (Medium Profile)  |
| ThetaSA (C/W)         | 4.6                      |
| Board Selection       | medium (10"x10")         |
| # of Board Layers     | 12to15 (12 to 15 Layers) |
| Board Temperature (C) | 25.0                     |
+-----------------------+--------------------------+


2.2 Clock Constraints
---------------------

+---------------------------------------------------------------------+--------------------------------------------+-----------------+
| Clock                                                               | Domain                                     | Constraint (ns) |
+---------------------------------------------------------------------+--------------------------------------------+-----------------+
| dbg_hub/inst/N_EXT_BSCAN.bscan_inst/SERIES7_BSCAN.bscan_inst/DRCK   | dbg_hub/inst/N_EXT_BSCAN.bscan_inst/DRCK   |            30.0 |
| dbg_hub/inst/N_EXT_BSCAN.bscan_inst/SERIES7_BSCAN.bscan_inst/UPDATE | dbg_hub/inst/N_EXT_BSCAN.bscan_inst/UPDATE |            60.0 |
| sys_clk_pin                                                         | clk                                        |            10.0 |
+---------------------------------------------------------------------+--------------------------------------------+-----------------+


3. Detailed Reports
-------------------

3.1 By Hierarchy
----------------

+-------------------------------------------------------------------------+-----------+
| Name                                                                    | Power (W) |
+-------------------------------------------------------------------------+-----------+
| ESP8266_ClientConfig                                                    |     0.015 |
|   dbg_hub                                                               |     0.003 |
|     inst                                                                |     0.003 |
|       CORE_XSDB.UUT_MASTER                                              |     0.003 |
|         U_ICON_INTERFACE                                                |     0.002 |
|           U_CMD1                                                        |    <0.001 |
|           U_CMD2                                                        |    <0.001 |
|           U_CMD3                                                        |    <0.001 |
|           U_CMD4                                                        |    <0.001 |
|           U_CMD5                                                        |    <0.001 |
|           U_CMD6_RD                                                     |    <0.001 |
|             U_RD_FIFO                                                   |    <0.001 |
|               SUBCORE_FIFO.xsdbm_v1_1_1_rdfifo_inst                     |    <0.001 |
|                 inst_fifo_gen                                           |    <0.001 |
|                   gconvfifo.rf                                          |    <0.001 |
|                     grf.rf                                              |    <0.001 |
|                       gntv_or_sync_fifo.gcx.clkx                        |    <0.001 |
|                         gsync_stage[1].rd_stg_inst                      |    <0.001 |
|                         gsync_stage[1].wr_stg_inst                      |    <0.001 |
|                         gsync_stage[2].rd_stg_inst                      |    <0.001 |
|                         gsync_stage[2].wr_stg_inst                      |    <0.001 |
|                       gntv_or_sync_fifo.gl0.rd                          |    <0.001 |
|                         gr1.rfwft                                       |    <0.001 |
|                         gras.rsts                                       |    <0.001 |
|                         rpntr                                           |    <0.001 |
|                       gntv_or_sync_fifo.gl0.wr                          |    <0.001 |
|                         gwas.wsts                                       |    <0.001 |
|                         wpntr                                           |    <0.001 |
|                       gntv_or_sync_fifo.mem                             |    <0.001 |
|                         gdm.dm                                          |    <0.001 |
|                           RAM_reg_0_15_0_5                              |    <0.001 |
|                           RAM_reg_0_15_12_15                            |    <0.001 |
|                           RAM_reg_0_15_6_11                             |    <0.001 |
|                       rstblk                                            |    <0.001 |
|           U_CMD6_WR                                                     |    <0.001 |
|             U_WR_FIFO                                                   |    <0.001 |
|               SUBCORE_FIFO.xsdbm_v1_1_1_wrfifo_inst                     |    <0.001 |
|                 inst_fifo_gen                                           |    <0.001 |
|                   gconvfifo.rf                                          |    <0.001 |
|                     grf.rf                                              |    <0.001 |
|                       gntv_or_sync_fifo.gcx.clkx                        |    <0.001 |
|                         gsync_stage[1].rd_stg_inst                      |    <0.001 |
|                         gsync_stage[1].wr_stg_inst                      |    <0.001 |
|                         gsync_stage[2].rd_stg_inst                      |    <0.001 |
|                         gsync_stage[2].wr_stg_inst                      |    <0.001 |
|                       gntv_or_sync_fifo.gl0.rd                          |    <0.001 |
|                         gras.rsts                                       |    <0.001 |
|                         rpntr                                           |    <0.001 |
|                       gntv_or_sync_fifo.gl0.wr                          |    <0.001 |
|                         gwas.wsts                                       |    <0.001 |
|                         wpntr                                           |    <0.001 |
|                       gntv_or_sync_fifo.mem                             |    <0.001 |
|                         gdm.dm                                          |    <0.001 |
|                           RAM_reg_0_15_0_5                              |    <0.001 |
|                           RAM_reg_0_15_12_15                            |    <0.001 |
|                           RAM_reg_0_15_6_11                             |    <0.001 |
|                       rstblk                                            |    <0.001 |
|           U_CMD7_CTL                                                    |    <0.001 |
|           U_CMD7_STAT                                                   |    <0.001 |
|           U_STATIC_STATUS                                               |    <0.001 |
|         U_XSDB_ADDRESS_CONTROLLER                                       |    <0.001 |
|         U_XSDB_BURST_WD_LEN_CONTROLLER                                  |    <0.001 |
|         U_XSDB_BUS_CONTROLLER                                           |    <0.001 |
|           U_RD_ABORT_FLAG                                               |    <0.001 |
|           U_RD_REQ_FLAG                                                 |    <0.001 |
|           U_TIMER                                                       |    <0.001 |
|         U_XSDB_BUS_MSTR2SL_PORT_IFACE                                   |    <0.001 |
|       CORE_XSDB.U_ICON                                                  |    <0.001 |
|         U_CMD                                                           |    <0.001 |
|         U_STAT                                                          |    <0.001 |
|         U_SYNC                                                          |    <0.001 |
|       N_EXT_BSCAN.bscan_inst                                            |    <0.001 |
|   inst_ila_uart                                                         |     0.011 |
|     U0                                                                  |     0.011 |
|       ila_core_inst                                                     |     0.011 |
|         ila_trace_memory_inst                                           |     0.002 |
|           SUBCORE_RAM_BLK_MEM_1.trace_block_memory                      |     0.002 |
|             inst_blk_mem_gen                                            |     0.002 |
|               gnativebmg.native_blk_mem_gen                             |     0.002 |
|                 valid.cstr                                              |     0.002 |
|                   ramloop[0].ram.r                                      |    <0.001 |
|                     prim_noinit.ram                                     |    <0.001 |
|                   ramloop[1].ram.r                                      |    <0.001 |
|                     prim_noinit.ram                                     |    <0.001 |
|                   ramloop[2].ram.r                                      |    <0.001 |
|                     prim_noinit.ram                                     |    <0.001 |
|         u_ila_cap_ctrl                                                  |    <0.001 |
|           U_CDONE                                                       |    <0.001 |
|           U_NS0                                                         |    <0.001 |
|           U_NS1                                                         |    <0.001 |
|           u_cap_addrgen                                                 |    <0.001 |
|             U_CMPRESET                                                  |    <0.001 |
|             u_cap_sample_counter                                        |    <0.001 |
|               U_SCE                                                     |    <0.001 |
|               U_SCMPCE                                                  |    <0.001 |
|               U_SCRST                                                   |    <0.001 |
|               u_scnt_cmp                                                |    <0.001 |
|                 allx_typeA_match_detection.ltlib_v1_0_0_allx_typeA_inst |    <0.001 |
|                   DUT                                                   |    <0.001 |
|                     I_WHOLE_SLICE.G_SLICE_IDX[0].U_ALL_SRL_SLICE        |    <0.001 |
|                       u_srlA                                            |    <0.001 |
|                       u_srlB                                            |    <0.001 |
|                       u_srlC                                            |    <0.001 |
|                       u_srlD                                            |    <0.001 |
|                     I_WHOLE_SLICE.G_SLICE_IDX[1].U_ALL_SRL_SLICE        |    <0.001 |
|                       u_srlA                                            |    <0.001 |
|                       u_srlB                                            |    <0.001 |
|                       u_srlC                                            |    <0.001 |
|                       u_srlD                                            |    <0.001 |
|             u_cap_window_counter                                        |    <0.001 |
|               U_WCE                                                     |    <0.001 |
|               U_WHCMPCE                                                 |    <0.001 |
|               U_WLCMPCE                                                 |    <0.001 |
|               u_wcnt_hcmp                                               |    <0.001 |
|                 allx_typeA_match_detection.ltlib_v1_0_0_allx_typeA_inst |    <0.001 |
|                   DUT                                                   |    <0.001 |
|                     I_WHOLE_SLICE.G_SLICE_IDX[0].U_ALL_SRL_SLICE        |    <0.001 |
|                       u_srlA                                            |    <0.001 |
|                       u_srlB                                            |    <0.001 |
|                       u_srlC                                            |    <0.001 |
|                       u_srlD                                            |    <0.001 |
|                     I_WHOLE_SLICE.G_SLICE_IDX[1].U_ALL_SRL_SLICE        |    <0.001 |
|                       u_srlA                                            |    <0.001 |
|                       u_srlB                                            |    <0.001 |
|                       u_srlC                                            |    <0.001 |
|                       u_srlD                                            |    <0.001 |
|               u_wcnt_lcmp                                               |    <0.001 |
|                 allx_typeA_match_detection.ltlib_v1_0_0_allx_typeA_inst |    <0.001 |
|                   DUT                                                   |    <0.001 |
|                     I_WHOLE_SLICE.G_SLICE_IDX[0].U_ALL_SRL_SLICE        |    <0.001 |
|                       u_srlA                                            |    <0.001 |
|                       u_srlB                                            |    <0.001 |
|                       u_srlC                                            |    <0.001 |
|                       u_srlD                                            |    <0.001 |
|                     I_WHOLE_SLICE.G_SLICE_IDX[1].U_ALL_SRL_SLICE        |    <0.001 |
|                       u_srlA                                            |    <0.001 |
|                       u_srlB                                            |    <0.001 |
|                       u_srlC                                            |    <0.001 |
|                       u_srlD                                            |    <0.001 |
|         u_ila_regs                                                      |     0.006 |
|           MU_SRL[0].mu_srl_reg                                          |    <0.001 |
|           MU_SRL[1].mu_srl_reg                                          |    <0.001 |
|           MU_SRL[2].mu_srl_reg                                          |    <0.001 |
|           MU_SRL[3].mu_srl_reg                                          |    <0.001 |
|           MU_SRL[4].mu_srl_reg                                          |    <0.001 |
|           MU_SRL[5].mu_srl_reg                                          |    <0.001 |
|           TC_SRL[0].tc_srl_reg                                          |    <0.001 |
|           U_XSDB_SLAVE                                                  |     0.001 |
|           reg_15                                                        |    <0.001 |
|             I_EN_CTL_EQ1.U_CTL                                          |    <0.001 |
|           reg_16                                                        |    <0.001 |
|             I_EN_CTL_EQ1.U_CTL                                          |    <0.001 |
|           reg_17                                                        |    <0.001 |
|             I_EN_CTL_EQ1.U_CTL                                          |    <0.001 |
|           reg_18                                                        |    <0.001 |
|             I_EN_CTL_EQ1.U_CTL                                          |    <0.001 |
|           reg_19                                                        |    <0.001 |
|             I_EN_CTL_EQ1.U_CTL                                          |    <0.001 |
|           reg_1a                                                        |    <0.001 |
|             I_EN_CTL_EQ1.U_CTL                                          |    <0.001 |
|           reg_6                                                         |    <0.001 |
|             I_EN_CTL_EQ1.U_CTL                                          |    <0.001 |
|           reg_7                                                         |    <0.001 |
|             I_EN_CTL_EQ1.U_CTL                                          |    <0.001 |
|           reg_8                                                         |    <0.001 |
|             I_EN_STAT_EQ1.U_STAT                                        |    <0.001 |
|           reg_80                                                        |    <0.001 |
|             I_EN_CTL_EQ1.U_CTL                                          |    <0.001 |
|           reg_81                                                        |    <0.001 |
|             I_EN_CTL_EQ1.U_CTL                                          |    <0.001 |
|           reg_82                                                        |    <0.001 |
|             I_EN_CTL_EQ1.U_CTL                                          |    <0.001 |
|           reg_83                                                        |    <0.001 |
|             I_EN_CTL_EQ1.U_CTL                                          |    <0.001 |
|           reg_84                                                        |    <0.001 |
|             I_EN_CTL_EQ1.U_CTL                                          |    <0.001 |
|           reg_85                                                        |    <0.001 |
|             I_EN_CTL_EQ1.U_CTL                                          |    <0.001 |
|           reg_887                                                       |    <0.001 |
|             I_EN_STAT_EQ1.U_STAT                                        |    <0.001 |
|           reg_88d                                                       |    <0.001 |
|             I_EN_STAT_EQ1.U_STAT                                        |    <0.001 |
|           reg_890                                                       |    <0.001 |
|             I_EN_STAT_EQ1.U_STAT                                        |    <0.001 |
|           reg_9                                                         |    <0.001 |
|             I_EN_STAT_EQ1.U_STAT                                        |    <0.001 |
|           reg_srl_fff                                                   |    <0.001 |
|           reg_stream_ffd                                                |    <0.001 |
|             I_EN_CTL_EQ1.U_CTL                                          |    <0.001 |
|           reg_stream_ffe                                                |    <0.001 |
|             I_EN_STAT_EQ1.U_STAT                                        |    <0.001 |
|         u_ila_reset_ctrl                                                |    <0.001 |
|           arm_detection_inst                                            |    <0.001 |
|           asyncrounous_transfer.arm_in_transfer_inst                    |    <0.001 |
|           asyncrounous_transfer.arm_out_transfer_inst                   |    <0.001 |
|           asyncrounous_transfer.halt_in_transfer_inst                   |    <0.001 |
|           asyncrounous_transfer.halt_out_transfer_inst                  |    <0.001 |
|           halt_detection_inst                                           |    <0.001 |
|         u_trig                                                          |    <0.001 |
|           N_DDR_TC.N_DDR_TC_INST[0].U_TC                                |    <0.001 |
|             allx_typeA_match_detection.ltlib_v1_0_0_allx_typeA_inst     |    <0.001 |
|               DUT                                                       |    <0.001 |
|                 I_WHOLE_SLICE.G_SLICE_IDX[0].U_ALL_SRL_SLICE            |    <0.001 |
|                   u_srlA                                                |    <0.001 |
|                   u_srlB                                                |    <0.001 |
|                   u_srlC                                                |    <0.001 |
|                   u_srlD                                                |    <0.001 |
|           U_TM                                                          |    <0.001 |
|             N_DDR_MODE.G_NMU[0].U_M                                     |    <0.001 |
|               allx_typeA_match_detection.ltlib_v1_0_0_allx_typeA_inst   |    <0.001 |
|                 DUT                                                     |    <0.001 |
|                   I_WHOLE_SLICE.G_SLICE_IDX[0].U_ALL_SRL_SLICE          |    <0.001 |
|                     u_srlA                                              |    <0.001 |
|                     u_srlB                                              |    <0.001 |
|                     u_srlC                                              |    <0.001 |
|                     u_srlD                                              |    <0.001 |
|             N_DDR_MODE.G_NMU[1].U_M                                     |    <0.001 |
|               allx_typeA_match_detection.ltlib_v1_0_0_allx_typeA_inst   |    <0.001 |
|                 DUT                                                     |    <0.001 |
|                   I_WHOLE_SLICE.G_SLICE_IDX[0].U_ALL_SRL_SLICE          |    <0.001 |
|                     u_srlA                                              |    <0.001 |
|                     u_srlB                                              |    <0.001 |
|                     u_srlC                                              |    <0.001 |
|                     u_srlD                                              |    <0.001 |
|             N_DDR_MODE.G_NMU[2].U_M                                     |    <0.001 |
|               allx_typeA_match_detection.ltlib_v1_0_0_allx_typeA_inst   |    <0.001 |
|                 DUT                                                     |    <0.001 |
|                   I_WHOLE_SLICE.G_SLICE_IDX[0].U_ALL_SRL_SLICE          |    <0.001 |
|                     u_srlA                                              |    <0.001 |
|                     u_srlB                                              |    <0.001 |
|                     u_srlC                                              |    <0.001 |
|                     u_srlD                                              |    <0.001 |
|             N_DDR_MODE.G_NMU[3].U_M                                     |    <0.001 |
|               allx_typeA_match_detection.ltlib_v1_0_0_allx_typeA_inst   |    <0.001 |
|                 DUT                                                     |    <0.001 |
|                   I_WHOLE_SLICE.G_SLICE_IDX[0].U_ALL_SRL_SLICE          |    <0.001 |
|                     u_srlA                                              |    <0.001 |
|                     u_srlB                                              |    <0.001 |
|                     u_srlC                                              |    <0.001 |
|                     u_srlD                                              |    <0.001 |
|             N_DDR_MODE.G_NMU[4].U_M                                     |    <0.001 |
|               allx_typeA_match_detection.ltlib_v1_0_0_allx_typeA_inst   |    <0.001 |
|                 DUT                                                     |    <0.001 |
|                   I_WHOLE_SLICE.G_SLICE_IDX[0].U_ALL_SRL_SLICE          |    <0.001 |
|                     u_srlA                                              |    <0.001 |
|                     u_srlB                                              |    <0.001 |
|                     u_srlC                                              |    <0.001 |
|                     u_srlD                                              |    <0.001 |
|             N_DDR_MODE.G_NMU[5].U_M                                     |    <0.001 |
|               allx_typeA_match_detection.ltlib_v1_0_0_allx_typeA_inst   |    <0.001 |
|                 DUT                                                     |    <0.001 |
|                   I_WHOLE_SLICE.G_SLICE_IDX[0].U_ALL_SRL_SLICE          |    <0.001 |
|                     u_srlA                                              |    <0.001 |
|                     u_srlB                                              |    <0.001 |
|                     u_srlC                                              |    <0.001 |
|                     u_srlD                                              |    <0.001 |
|         xsdb_memory_read_inst                                           |    <0.001 |
|   inst_uart                                                             |    <0.001 |
+-------------------------------------------------------------------------+-----------+


